This is pdfTeX, Version 3.14159265-2.6-1.40.20 (TeX Live 2019/Debian) (preloaded format=pdflatex 2020.9.3)  2 OCT 2020 05:26
entering extended mode
 restricted \write18 enabled.
 %&-line parsing enabled.
**_0dcode-example.tex _2home_2fab_2_dev_2gentoolize_2scripts_2gentoolize_8sh-exampl
e.tex bug.tex build__virtualbox_8sh.tex examples.tex fetch__clonezilla__iso_8sh
.tex files.tex group__auxiliary_functions.tex group__create_installer.tex group
__mk_file_system.tex index.tex gentoolize_8sh.tex mkvm_8sh.tex mkvm__chroot_8sh.t
ex modules.tex refman.tex todo.tex tt-example.tex utils_8sh.tex a.pdf
(./_0dcode-example.tex
LaTeX2e <2020-02-02> patch level 2
L3 programming layer <2020-02-14>
! Undefined control sequence.
l.1 \hypertarget
                {_0dcode-example}{}\doxysection{@code}
? 
! Interruption.
<to be read again> 
                   {
l.1 \hypertarget{
                 _0dcode-example}{}\doxysection{@code}
? 
! Missing $ inserted.
<inserted text> 
                $
l.1 \hypertarget{_
                  0dcode-example}{}\doxysection{@code}
? 

! LaTeX Error: Missing \begin{document}.

See the LaTeX manual or LaTeX Companion for explanation.
Type  H <return>  for immediate help.
 ...                                              
                                                  
l.1 \hypertarget{_
                  0dcode-example}{}\doxysection{@code}
? 
LaTeX Font Info:    External font `cmex10' loaded for size
(Font)              <7> on input line 1.
LaTeX Font Info:    External font `cmex10' loaded for size
(Font)              <5> on input line 1.
! Extra }, or forgotten $.
l.1 \hypertarget{_0dcode-example}
                                 {}\doxysection{@code}
? 
! Undefined control sequence.
l.1 \hypertarget{_0dcode-example}{}\doxysection
                                               {@code}
? 
! Undefined control sequence.
l.2 gentoolize language=fr minimal=true debug\+
                                             \_\+mode=true ncpus=8 nonroot\+...

? 
! Undefined control sequence.
l.2 gentoolize language=fr minimal=true debug\+\_\+
                                                 mode=true ncpus=8 nonroot\+...

? 
! Undefined control sequence.
l.2 ...true debug\+\_\+mode=true ncpus=8 nonroot\+
                                                  \_\+user=ken passwd=\textq...

? 
! Undefined control sequence.
l.2 ... debug\+\_\+mode=true ncpus=8 nonroot\+\_\+
                                                  user=ken passwd=\textquote...

? 

LaTeX Warning: Command \textquotesingle invalid in math mode on input line 2.


LaTeX Warning: Command \textquotesingle invalid in math mode on input line 2.

! Undefined control sequence.
l.2 ...\+user=ken passwd=\textquotesingle{}util!\+
                                                  Hx\&32F\textquotesingle{} ...

? 
! Emergency stop.
l.2 ...\+user=ken passwd=\textquotesingle{}util!\+
                                                  Hx\&32F\textquotesingle{} ...
End of file on the terminal!

 
Here is how much of TeX's memory you used:
 23 strings out of 481239
 506 string characters out of 5920378
 236564 words of memory out of 5000000
 15390 multiletter control sequences out of 15000+600000
 532673 words of font info for 25 fonts, out of 8000000 for 9000
 1141 hyphenation exceptions out of 8191
 18i,4n,15p,631b,59s stack positions out of 5000i,500n,10000p,200000b,80000s
!  ==> Fatal error occurred, no output PDF file produced!
