\BOOKMARK [0][-]{chapter.1}{\376\377\0001\000\040\000U\000s\000a\000g\000e}{}% 1
\BOOKMARK [0][-]{chapter.2}{\376\377\0002\000\040\000T\000o\000d\000o\000\040\000L\000i\000s\000t}{}% 2
\BOOKMARK [0][-]{chapter.3}{\376\377\0003\000\040\000B\000u\000g\000\040\000L\000i\000s\000t}{}% 3
\BOOKMARK [0][-]{chapter.4}{\376\377\0004\000\040\000M\000o\000d\000u\000l\000e\000\040\000I\000n\000d\000e\000x}{}% 4
\BOOKMARK [1][-]{section.4.1}{\376\377\0004\000.\0001\000\040\000M\000o\000d\000u\000l\000e\000s}{chapter.4}% 5
\BOOKMARK [0][-]{chapter.5}{\376\377\0005\000\040\000F\000i\000l\000e\000\040\000I\000n\000d\000e\000x}{}% 6
\BOOKMARK [1][-]{section.5.1}{\376\377\0005\000.\0001\000\040\000F\000i\000l\000e\000\040\000L\000i\000s\000t}{chapter.5}% 7
\BOOKMARK [0][-]{chapter.6}{\376\377\0006\000\040\000M\000o\000d\000u\000l\000e\000\040\000D\000o\000c\000u\000m\000e\000n\000t\000a\000t\000i\000o\000n}{}% 8
\BOOKMARK [1][-]{section.6.1}{\376\377\0006\000.\0001\000\040\000C\000r\000e\000a\000t\000e\000\040\000G\000e\000n\000t\000o\000o\000\040\000l\000i\000n\000u\000x\000\040\000i\000m\000a\000g\000e\000\040\000a\000n\000d\000\040\000i\000n\000s\000t\000a\000l\000l\000e\000r\000.}{chapter.6}% 9
\BOOKMARK [2][-]{subsection.6.1.1}{\376\377\0006\000.\0001\000.\0001\000\040\000D\000e\000t\000a\000i\000l\000e\000d\000\040\000D\000e\000s\000c\000r\000i\000p\000t\000i\000o\000n}{section.6.1}% 10
\BOOKMARK [2][-]{subsection.6.1.2}{\376\377\0006\000.\0001\000.\0002\000\040\000F\000u\000n\000c\000t\000i\000o\000n\000\040\000D\000o\000c\000u\000m\000e\000n\000t\000a\000t\000i\000o\000n}{section.6.1}% 11
\BOOKMARK [3][-]{subsubsection.6.1.2.1}{\376\377\0006\000.\0001\000.\0002\000.\0001\000\040\000a\000d\000d\000\137\000g\000u\000e\000s\000t\000\137\000a\000d\000d\000i\000t\000i\000o\000n\000s\000\137\000t\000o\000\137\000c\000l\000o\000n\000e\000z\000i\000l\000l\000a\000\137\000i\000s\000o\000\050\000\051}{subsection.6.1.2}% 12
\BOOKMARK [3][-]{subsubsection.6.1.2.2}{\376\377\0006\000.\0001\000.\0002\000.\0002\000\040\000b\000u\000i\000l\000d\000\137\000v\000i\000r\000t\000u\000a\000l\000b\000o\000x\000\050\000\051}{subsection.6.1.2}% 13
\BOOKMARK [3][-]{subsubsection.6.1.2.3}{\376\377\0006\000.\0001\000.\0002\000.\0003\000\040\000c\000l\000o\000n\000e\000\137\000v\000m\000\137\000t\000o\000\137\000d\000e\000v\000i\000c\000e\000\050\000\051}{subsection.6.1.2}% 14
\BOOKMARK [3][-]{subsubsection.6.1.2.4}{\376\377\0006\000.\0001\000.\0002\000.\0004\000\040\000c\000l\000o\000n\000e\000\137\000v\000m\000\137\000t\000o\000\137\000r\000a\000w\000\050\000\051}{subsection.6.1.2}% 15
\BOOKMARK [3][-]{subsubsection.6.1.2.5}{\376\377\0006\000.\0001\000.\0002\000.\0005\000\040\000c\000l\000o\000n\000e\000z\000i\000l\000l\000a\000\137\000d\000e\000v\000i\000c\000e\000\137\000t\000o\000\137\000i\000m\000a\000g\000e\000\050\000\051}{subsection.6.1.2}% 16
\BOOKMARK [3][-]{subsubsection.6.1.2.6}{\376\377\0006\000.\0001\000.\0002\000.\0006\000\040\000c\000l\000o\000n\000e\000z\000i\000l\000l\000a\000\137\000t\000o\000\137\000i\000s\000o\000\050\000\051}{subsection.6.1.2}% 17
\BOOKMARK [3][-]{subsubsection.6.1.2.7}{\376\377\0006\000.\0001\000.\0002\000.\0007\000\040\000c\000r\000e\000a\000t\000e\000\137\000d\000e\000v\000i\000c\000e\000\137\000s\000y\000s\000t\000e\000m\000\050\000\051}{subsection.6.1.2}% 18
\BOOKMARK [3][-]{subsubsection.6.1.2.8}{\376\377\0006\000.\0001\000.\0002\000.\0008\000\040\000c\000r\000e\000a\000t\000e\000\137\000i\000s\000o\000\137\000v\000m\000\050\000\051}{subsection.6.1.2}% 19
\BOOKMARK [3][-]{subsubsection.6.1.2.9}{\376\377\0006\000.\0001\000.\0002\000.\0009\000\040\000c\000r\000e\000a\000t\000e\000\137\000v\000m\000\050\000\051}{subsection.6.1.2}% 20
\BOOKMARK [3][-]{subsubsection.6.1.2.10}{\376\377\0006\000.\0001\000.\0002\000.\0001\0000\000\040\000d\000d\000\137\000t\000o\000\137\000u\000s\000b\000\050\000\051}{subsection.6.1.2}% 21
\BOOKMARK [3][-]{subsubsection.6.1.2.11}{\376\377\0006\000.\0001\000.\0002\000.\0001\0001\000\040\000d\000e\000e\000p\000\137\000c\000l\000e\000a\000n\000\050\000\051}{subsection.6.1.2}% 22
\BOOKMARK [3][-]{subsubsection.6.1.2.12}{\376\377\0006\000.\0001\000.\0002\000.\0001\0002\000\040\000d\000e\000l\000e\000t\000e\000\137\000v\000m\000\050\000\051}{subsection.6.1.2}% 23
\BOOKMARK [3][-]{subsubsection.6.1.2.13}{\376\377\0006\000.\0001\000.\0002\000.\0001\0003\000\040\000g\000e\000n\000e\000r\000a\000t\000e\000\137\000G\000e\000n\000t\000o\000o\000\050\000\051}{subsection.6.1.2}% 24
\BOOKMARK [3][-]{subsubsection.6.1.2.14}{\376\377\0006\000.\0001\000.\0002\000.\0001\0004\000\040\000g\000e\000t\000\137\000o\000p\000t\000i\000o\000n\000s\000\050\000\051}{subsection.6.1.2}% 25
\BOOKMARK [3][-]{subsubsection.6.1.2.15}{\376\377\0006\000.\0001\000.\0002\000.\0001\0005\000\040\000h\000e\000l\000p\000\137\000\050\000\051}{subsection.6.1.2}% 26
\BOOKMARK [3][-]{subsubsection.6.1.2.16}{\376\377\0006\000.\0001\000.\0002\000.\0001\0006\000\040\000h\000e\000l\000p\000\137\000m\000d\000\050\000\051}{subsection.6.1.2}% 27
\BOOKMARK [3][-]{subsubsection.6.1.2.17}{\376\377\0006\000.\0001\000.\0002\000.\0001\0007\000\040\000l\000o\000g\000\137\000l\000o\000o\000p\000\050\000\051}{subsection.6.1.2}% 28
\BOOKMARK [3][-]{subsubsection.6.1.2.18}{\376\377\0006\000.\0001\000.\0002\000.\0001\0008\000\040\000m\000a\000i\000n\000\050\000\051}{subsection.6.1.2}% 29
\BOOKMARK [3][-]{subsubsection.6.1.2.19}{\376\377\0006\000.\0001\000.\0002\000.\0001\0009\000\040\000m\000a\000k\000e\000\137\000b\000o\000o\000t\000\137\000f\000r\000o\000m\000\137\000l\000i\000v\000e\000c\000d\000\050\000\051}{subsection.6.1.2}% 30
\BOOKMARK [3][-]{subsubsection.6.1.2.20}{\376\377\0006\000.\0001\000.\0002\000.\0002\0000\000\040\000m\000o\000u\000n\000t\000\137\000l\000i\000v\000e\000\137\000c\000d\000\050\000\051}{subsection.6.1.2}% 31
\BOOKMARK [3][-]{subsubsection.6.1.2.21}{\376\377\0006\000.\0001\000.\0002\000.\0002\0001\000\040\000t\000e\000s\000t\000\137\000c\000l\000i\000\050\000\051}{subsection.6.1.2}% 32
\BOOKMARK [3][-]{subsubsection.6.1.2.22}{\376\377\0006\000.\0001\000.\0002\000.\0002\0002\000\040\000t\000e\000s\000t\000\137\000c\000l\000i\000\137\000p\000o\000s\000t\000\050\000\051}{subsection.6.1.2}% 33
\BOOKMARK [3][-]{subsubsection.6.1.2.23}{\376\377\0006\000.\0001\000.\0002\000.\0002\0003\000\040\000t\000e\000s\000t\000\137\000c\000l\000i\000\137\000p\000r\000e\000\050\000\051}{subsection.6.1.2}% 34
\BOOKMARK [3][-]{subsubsection.6.1.2.24}{\376\377\0006\000.\0001\000.\0002\000.\0002\0004\000\040\000t\000e\000s\000t\000\137\000v\000m\000\137\000r\000u\000n\000n\000i\000n\000g\000\050\000\051}{subsection.6.1.2}% 35
\BOOKMARK [3][-]{subsubsection.6.1.2.25}{\376\377\0006\000.\0001\000.\0002\000.\0002\0005\000\040\000v\000a\000l\000i\000d\000a\000t\000e\000\137\000o\000p\000t\000i\000o\000n\000\050\000\051}{subsection.6.1.2}% 36
\BOOKMARK [3][-]{subsubsection.6.1.2.26}{\376\377\0006\000.\0001\000.\0002\000.\0002\0006\000\040\000v\000b\000o\000x\000\137\000i\000m\000g\000\137\000w\000o\000r\000k\000s\000\050\000\051}{subsection.6.1.2}% 37
\BOOKMARK [2][-]{subsection.6.1.3}{\376\377\0006\000.\0001\000.\0003\000\040\000V\000a\000r\000i\000a\000b\000l\000e\000\040\000D\000o\000c\000u\000m\000e\000n\000t\000a\000t\000i\000o\000n}{section.6.1}% 38
\BOOKMARK [3][-]{subsubsection.6.1.3.1}{\376\377\0006\000.\0001\000.\0003\000.\0001\000\040\000A\000R\000R}{subsection.6.1.3}% 39
\BOOKMARK [3][-]{subsubsection.6.1.3.2}{\376\377\0006\000.\0001\000.\0003\000.\0002\000\040\000C\000R\000E\000A\000T\000E\000\137\000I\000S\000O}{subsection.6.1.3}% 40
\BOOKMARK [3][-]{subsubsection.6.1.3.3}{\376\377\0006\000.\0001\000.\0003\000.\0003\000\040\000I\000S\000O}{subsection.6.1.3}% 41
\BOOKMARK [1][-]{section.6.2}{\376\377\0006\000.\0002\000\040\000C\000r\000e\000a\000t\000e\000\040\000G\000e\000n\000t\000o\000o\000\040\000l\000i\000n\000u\000x\000\040\000f\000i\000l\000e\000s\000y\000s\000t\000e\000m\000\040\000o\000n\000\040\000V\000M\000\040\000d\000i\000s\000k}{chapter.6}% 42
\BOOKMARK [2][-]{subsection.6.2.1}{\376\377\0006\000.\0002\000.\0001\000\040\000D\000e\000t\000a\000i\000l\000e\000d\000\040\000D\000e\000s\000c\000r\000i\000p\000t\000i\000o\000n}{section.6.2}% 43
\BOOKMARK [2][-]{subsection.6.2.2}{\376\377\0006\000.\0002\000.\0002\000\040\000F\000u\000n\000c\000t\000i\000o\000n\000\040\000D\000o\000c\000u\000m\000e\000n\000t\000a\000t\000i\000o\000n}{section.6.2}% 44
\BOOKMARK [3][-]{subsubsection.6.2.2.1}{\376\377\0006\000.\0002\000.\0002\000.\0001\000\040\000a\000d\000j\000u\000s\000t\000\137\000e\000n\000v\000i\000r\000o\000n\000m\000e\000n\000t\000\050\000\051}{subsection.6.2.2}% 45
\BOOKMARK [3][-]{subsubsection.6.2.2.2}{\376\377\0006\000.\0002\000.\0002\000.\0002\000\040\000b\000u\000i\000l\000d\000\137\000k\000e\000r\000n\000e\000l\000\050\000\051}{subsection.6.2.2}% 46
\BOOKMARK [3][-]{subsubsection.6.2.2.3}{\376\377\0006\000.\0002\000.\0002\000.\0003\000\040\000f\000i\000n\000a\000l\000i\000z\000e\000\050\000\051}{subsection.6.2.2}% 47
\BOOKMARK [3][-]{subsubsection.6.2.2.4}{\376\377\0006\000.\0002\000.\0002\000.\0004\000\040\000g\000l\000o\000b\000a\000l\000\137\000c\000o\000n\000f\000i\000g\000\050\000\051}{subsection.6.2.2}% 48
\BOOKMARK [3][-]{subsubsection.6.2.2.5}{\376\377\0006\000.\0002\000.\0002\000.\0005\000\040\000i\000n\000s\000t\000a\000l\000l\000\137\000s\000o\000f\000t\000w\000a\000r\000e\000\050\000\051}{subsection.6.2.2}% 49
\BOOKMARK [3][-]{subsubsection.6.2.2.6}{\376\377\0006\000.\0002\000.\0002\000.\0006\000\040\000i\000n\000s\000t\000a\000l\000l\000\137\000s\000t\000a\000g\000e\0003\000\050\000\051}{subsection.6.2.2}% 50
\BOOKMARK [3][-]{subsubsection.6.2.2.7}{\376\377\0006\000.\0002\000.\0002\000.\0007\000\040\000p\000a\000r\000t\000i\000t\000i\000o\000n\000\050\000\051}{subsection.6.2.2}% 51
\BOOKMARK [3][-]{subsubsection.6.2.2.8}{\376\377\0006\000.\0002\000.\0002\000.\0008\000\040\000s\000e\000t\000u\000p\000\137\000n\000e\000t\000w\000o\000r\000k\000\050\000\051}{subsection.6.2.2}% 52
\BOOKMARK [1][-]{section.6.3}{\376\377\0006\000.\0003\000\040\000A\000u\000x\000i\000l\000i\000a\000r\000y\000\040\000f\000u\000n\000c\000t\000i\000o\000n\000s\000\040\000t\000o\000\040\000c\000h\000e\000c\000k}{chapter.6}% 53
\BOOKMARK [2][-]{subsection.6.3.1}{\376\377\0006\000.\0003\000.\0001\000\040\000D\000e\000t\000a\000i\000l\000e\000d\000\040\000D\000e\000s\000c\000r\000i\000p\000t\000i\000o\000n}{section.6.3}% 54
\BOOKMARK [2][-]{subsection.6.3.2}{\376\377\0006\000.\0003\000.\0002\000\040\000F\000u\000n\000c\000t\000i\000o\000n\000\040\000D\000o\000c\000u\000m\000e\000n\000t\000a\000t\000i\000o\000n}{section.6.3}% 55
\BOOKMARK [3][-]{subsubsection.6.3.2.1}{\376\377\0006\000.\0003\000.\0002\000.\0001\000\040\000b\000u\000r\000n\000\137\000i\000s\000o\000\050\000\051}{subsection.6.3.2}% 56
\BOOKMARK [3][-]{subsubsection.6.3.2.2}{\376\377\0006\000.\0003\000.\0002\000.\0002\000\040\000c\000h\000e\000c\000k\000\137\000d\000i\000r\000\050\000\051}{subsection.6.3.2}% 57
\BOOKMARK [3][-]{subsubsection.6.3.2.3}{\376\377\0006\000.\0003\000.\0002\000.\0003\000\040\000c\000h\000e\000c\000k\000\137\000f\000i\000l\000e\000\050\000\051}{subsection.6.3.2}% 58
\BOOKMARK [3][-]{subsubsection.6.3.2.4}{\376\377\0006\000.\0003\000.\0002\000.\0004\000\040\000c\000h\000e\000c\000k\000\137\000f\000i\000l\000e\000s\000\050\000\051}{subsection.6.3.2}% 59
\BOOKMARK [3][-]{subsubsection.6.3.2.5}{\376\377\0006\000.\0003\000.\0002\000.\0005\000\040\000c\000h\000e\000c\000k\000\137\000m\000d\0005\000s\000u\000m\000\050\000\051}{subsection.6.3.2}% 60
\BOOKMARK [3][-]{subsubsection.6.3.2.6}{\376\377\0006\000.\0003\000.\0002\000.\0006\000\040\000c\000h\000e\000c\000k\000\137\000t\000o\000o\000l\000\050\000\051}{subsection.6.3.2}% 61
\BOOKMARK [3][-]{subsubsection.6.3.2.7}{\376\377\0006\000.\0003\000.\0002\000.\0007\000\040\000c\000l\000e\000a\000n\000u\000p\000\050\000\051}{subsection.6.3.2}% 62
\BOOKMARK [3][-]{subsubsection.6.3.2.8}{\376\377\0006\000.\0003\000.\0002\000.\0008\000\040\000c\000r\000e\000a\000t\000e\000\137\000i\000n\000s\000t\000a\000l\000l\000\137\000e\000x\000t\000\137\000d\000e\000v\000i\000c\000e\000\050\000\051}{subsection.6.3.2}% 63
\BOOKMARK [3][-]{subsubsection.6.3.2.9}{\376\377\0006\000.\0003\000.\0002\000.\0009\000\040\000c\000r\000e\000a\000t\000e\000\137\000o\000p\000t\000i\000o\000n\000s\000\137\000a\000r\000r\000a\000y\000\050\000\051}{subsection.6.3.2}% 64
\BOOKMARK [3][-]{subsubsection.6.3.2.10}{\376\377\0006\000.\0003\000.\0002\000.\0001\0000\000\040\000i\000f\000\137\000f\000a\000i\000l\000s\000\050\000\051}{subsection.6.3.2}% 65
\BOOKMARK [3][-]{subsubsection.6.3.2.11}{\376\377\0006\000.\0003\000.\0002\000.\0001\0001\000\040\000r\000e\000c\000r\000e\000a\000t\000e\000\137\000l\000i\000v\000e\000C\000D\000\137\000I\000S\000O\000\050\000\051}{subsection.6.3.2}% 66
\BOOKMARK [3][-]{subsubsection.6.3.2.12}{\376\377\0006\000.\0003\000.\0002\000.\0001\0002\000\040\000s\000e\000n\000d\000\137\000m\000a\000i\000l\000\050\000\051}{subsection.6.3.2}% 67
\BOOKMARK [3][-]{subsubsection.6.3.2.13}{\376\377\0006\000.\0003\000.\0002\000.\0001\0003\000\040\000t\000e\000s\000t\000\137\000n\000u\000m\000e\000r\000i\000c\000\050\000\051}{subsection.6.3.2}% 68
\BOOKMARK [3][-]{subsubsection.6.3.2.14}{\376\377\0006\000.\0003\000.\0002\000.\0001\0004\000\040\000t\000e\000s\000t\000\137\000U\000R\000L\000\050\000\051}{subsection.6.3.2}% 69
\BOOKMARK [0][-]{chapter.7}{\376\377\0007\000\040\000F\000i\000l\000e\000\040\000D\000o\000c\000u\000m\000e\000n\000t\000a\000t\000i\000o\000n}{}% 70
\BOOKMARK [1][-]{section.7.1}{\376\377\0007\000.\0001\000\040\000b\000u\000i\000l\000d\000\137\000v\000i\000r\000t\000u\000a\000l\000b\000o\000x\000.\000s\000h\000\040\000F\000i\000l\000e\000\040\000R\000e\000f\000e\000r\000e\000n\000c\000e}{chapter.7}% 71
\BOOKMARK [2][-]{subsection.7.1.1}{\376\377\0007\000.\0001\000.\0001\000\040\000V\000a\000r\000i\000a\000b\000l\000e\000\040\000D\000o\000c\000u\000m\000e\000n\000t\000a\000t\000i\000o\000n}{section.7.1}% 72
\BOOKMARK [3][-]{subsubsection.7.1.1.1}{\376\377\0007\000.\0001\000.\0001\000.\0001\000\040\000D\000E\000B\000I\000A\000N\000\137\000F\000R\000O\000N\000T\000E\000N\000D}{subsection.7.1.1}% 73
\BOOKMARK [3][-]{subsubsection.7.1.1.2}{\376\377\0007\000.\0001\000.\0001\000.\0002\000\040\000L\000D\000\137\000L\000I\000B\000R\000A\000R\000Y\000\137\000P\000A\000T\000H}{subsection.7.1.1}% 74
\BOOKMARK [1][-]{section.7.2}{\376\377\0007\000.\0002\000\040\000f\000e\000t\000c\000h\000\137\000f\000u\000n\000c\000t\000i\000o\000n\000s\000.\000s\000h\000\040\000F\000i\000l\000e\000\040\000R\000e\000f\000e\000r\000e\000n\000c\000e}{chapter.7}% 75
\BOOKMARK [2][-]{subsection.7.2.1}{\376\377\0007\000.\0002\000.\0001\000\040\000F\000u\000n\000c\000t\000i\000o\000n\000\040\000D\000o\000c\000u\000m\000e\000n\000t\000a\000t\000i\000o\000n}{section.7.2}% 76
\BOOKMARK [3][-]{subsubsection.7.2.1.1}{\376\377\0007\000.\0002\000.\0001\000.\0001\000\040\000c\000a\000c\000h\000e\000\137\000u\000n\000c\000a\000c\000h\000e\000\137\000c\000l\000o\000n\000e\000z\000i\000l\000l\000a\000\137\000i\000s\000o\000\050\000\051}{subsection.7.2.1}% 77
\BOOKMARK [3][-]{subsubsection.7.2.1.2}{\376\377\0007\000.\0002\000.\0001\000.\0002\000\040\000f\000e\000t\000c\000h\000\137\000c\000l\000o\000n\000e\000z\000i\000l\000l\000a\000\137\000i\000s\000o\000\050\000\051}{subsection.7.2.1}% 78
\BOOKMARK [3][-]{subsubsection.7.2.1.3}{\376\377\0007\000.\0002\000.\0001\000.\0003\000\040\000f\000e\000t\000c\000h\000\137\000g\000e\000n\000t\000o\000o\000\137\000i\000n\000s\000t\000a\000l\000l\000\137\000i\000s\000o\000\050\000\051}{subsection.7.2.1}% 79
\BOOKMARK [3][-]{subsubsection.7.2.1.4}{\376\377\0007\000.\0002\000.\0001\000.\0004\000\040\000f\000e\000t\000c\000h\000\137\000l\000i\000v\000e\000c\000d\000\050\000\051}{subsection.7.2.1}% 80
\BOOKMARK [3][-]{subsubsection.7.2.1.5}{\376\377\0007\000.\0002\000.\0001\000.\0005\000\040\000f\000e\000t\000c\000h\000\137\000p\000r\000o\000c\000e\000s\000s\000\137\000c\000l\000o\000n\000e\000z\000i\000l\000l\000a\000\137\000i\000s\000o\000\050\000\051}{subsection.7.2.1}% 81
\BOOKMARK [3][-]{subsubsection.7.2.1.6}{\376\377\0007\000.\0002\000.\0001\000.\0006\000\040\000f\000e\000t\000c\000h\000\137\000s\000t\000a\000g\000e\0003\000\050\000\051}{subsection.7.2.1}% 82
\BOOKMARK [2][-]{subsection.7.2.2}{\376\377\0007\000.\0002\000.\0002\000\040\000V\000a\000r\000i\000a\000b\000l\000e\000\040\000D\000o\000c\000u\000m\000e\000n\000t\000a\000t\000i\000o\000n}{section.7.2}% 83
\BOOKMARK [3][-]{subsubsection.7.2.2.1}{\376\377\0007\000.\0002\000.\0002\000.\0001\000\040\000C\000L\000O\000N\000E\000Z\000I\000L\000L\000A\000C\000D}{subsection.7.2.2}% 84
\BOOKMARK [3][-]{subsubsection.7.2.2.2}{\376\377\0007\000.\0002\000.\0002\000.\0002\000\040\000L\000I\000V\000E\000C\000D}{subsection.7.2.2}% 85
\BOOKMARK [1][-]{section.7.3}{\376\377\0007\000.\0003\000\040\000m\000k\000g\000e\000n\000t\000o\000o\000.\000s\000h\000\040\000F\000i\000l\000e\000\040\000R\000e\000f\000e\000r\000e\000n\000c\000e}{chapter.7}% 86
\BOOKMARK [2][-]{subsection.7.3.1}{\376\377\0007\000.\0003\000.\0001\000\040\000D\000e\000t\000a\000i\000l\000e\000d\000\040\000D\000e\000s\000c\000r\000i\000p\000t\000i\000o\000n}{section.7.3}% 87
\BOOKMARK [2][-]{subsection.7.3.2}{\376\377\0007\000.\0003\000.\0002\000\040\000V\000a\000r\000i\000a\000b\000l\000e\000\040\000D\000o\000c\000u\000m\000e\000n\000t\000a\000t\000i\000o\000n}{section.7.3}% 88
\BOOKMARK [3][-]{subsubsection.7.3.2.1}{\376\377\0007\000.\0003\000.\0002\000.\0001\000\040\000I\000S\000O\000L\000I\000N\000U\000X\000\137\000D\000I\000R}{subsection.7.3.2}% 89
\BOOKMARK [3][-]{subsubsection.7.3.2.2}{\376\377\0007\000.\0003\000.\0002\000.\0002\000\040\000L\000O\000G}{subsection.7.3.2}% 90
\BOOKMARK [3][-]{subsubsection.7.3.2.3}{\376\377\0007\000.\0003\000.\0002\000.\0003\000\040\000P\000A\000T\000H}{subsection.7.3.2}% 91
\BOOKMARK [1][-]{section.7.4}{\376\377\0007\000.\0004\000\040\000m\000k\000v\000m\000.\000s\000h\000\040\000F\000i\000l\000e\000\040\000R\000e\000f\000e\000r\000e\000n\000c\000e}{chapter.7}% 92
\BOOKMARK [1][-]{section.7.5}{\376\377\0007\000.\0005\000\040\000m\000k\000v\000m\000\137\000c\000h\000r\000o\000o\000t\000.\000s\000h\000\040\000F\000i\000l\000e\000\040\000R\000e\000f\000e\000r\000e\000n\000c\000e}{chapter.7}% 93
\BOOKMARK [2][-]{subsection.7.5.1}{\376\377\0007\000.\0005\000.\0001\000\040\000D\000e\000t\000a\000i\000l\000e\000d\000\040\000D\000e\000s\000c\000r\000i\000p\000t\000i\000o\000n}{section.7.5}% 94
\BOOKMARK [2][-]{subsection.7.5.2}{\376\377\0007\000.\0005\000.\0002\000\040\000F\000u\000n\000c\000t\000i\000o\000n\000\040\000D\000o\000c\000u\000m\000e\000n\000t\000a\000t\000i\000o\000n}{section.7.5}% 95
\BOOKMARK [3][-]{subsubsection.7.5.2.1}{\376\377\0007\000.\0005\000.\0002\000.\0001\000\040\000f\000i\000n\000a\000l\000i\000z\000e\000\050\000\051}{subsection.7.5.2}% 96
\BOOKMARK [2][-]{subsection.7.5.3}{\376\377\0007\000.\0005\000.\0003\000\040\000V\000a\000r\000i\000a\000b\000l\000e\000\040\000D\000o\000c\000u\000m\000e\000n\000t\000a\000t\000i\000o\000n}{section.7.5}% 97
\BOOKMARK [3][-]{subsubsection.7.5.3.1}{\376\377\0007\000.\0005\000.\0003\000.\0001\000\040\000r\000e\000s}{subsection.7.5.3}% 98
\BOOKMARK [1][-]{section.7.6}{\376\377\0007\000.\0006\000\040\000u\000t\000i\000l\000s\000.\000s\000h\000\040\000F\000i\000l\000e\000\040\000R\000e\000f\000e\000r\000e\000n\000c\000e}{chapter.7}% 99
\BOOKMARK [2][-]{subsection.7.6.1}{\376\377\0007\000.\0006\000.\0001\000\040\000D\000e\000t\000a\000i\000l\000e\000d\000\040\000D\000e\000s\000c\000r\000i\000p\000t\000i\000o\000n}{section.7.6}% 100
\BOOKMARK [2][-]{subsection.7.6.2}{\376\377\0007\000.\0006\000.\0002\000\040\000F\000u\000n\000c\000t\000i\000o\000n\000\040\000D\000o\000c\000u\000m\000e\000n\000t\000a\000t\000i\000o\000n}{section.7.6}% 101
\BOOKMARK [3][-]{subsubsection.7.6.2.1}{\376\377\0007\000.\0006\000.\0002\000.\0001\000\040\000t\000e\000s\000t\000\137\000c\000d\000r\000e\000c\000o\000r\000d\000\050\000\051}{subsection.7.6.2}% 102
\BOOKMARK [2][-]{subsection.7.6.3}{\376\377\0007\000.\0006\000.\0003\000\040\000V\000a\000r\000i\000a\000b\000l\000e\000\040\000D\000o\000c\000u\000m\000e\000n\000t\000a\000t\000i\000o\000n}{section.7.6}% 103
\BOOKMARK [3][-]{subsubsection.7.6.3.1}{\376\377\0007\000.\0006\000.\0003\000.\0001\000\040\000A\000R\000R\000A\000Y\000\137\000L\000E\000N\000G\000T\000H}{subsection.7.6.3}% 104
\BOOKMARK [0][-]{section*.16}{\376\377\000I\000n\000d\000e\000x}{}% 105
